2026-05-13 16:52:57,121 - INFO - Backed up: C:/Users/sumer/OneDrive/Pictures/Screenshots\Screenshot 2026-04-27 215704.png
2026-05-13 16:52:57,148 - INFO - Backed up: C:/Users/sumer/OneDrive/Pictures/Screenshots\Screenshot 2026-04-27 215557.png
2026-05-13 16:52:57,182 - INFO - Backed up: C:/Users/sumer/OneDrive/Pictures/Screenshots\Screenshot 2026-04-27 215532.png
2026-05-13 16:52:57,202 - INFO - Backed up: C:/Users/sumer/OneDrive/Pictures/Screenshots\Screenshot 2025-11-21 101323.png
2026-05-13 16:52:57,227 - INFO - Backed up: C:/Users/sumer/OneDrive/Pictures/Screenshots\Screenshot 2025-11-15 004414.png
2026-05-13 16:52:57,246 - INFO - Backed up: C:/Users/sumer/OneDrive/Pictures/Screenshots\Screenshot 2025-11-15 004235.png
2026-05-13 16:52:57,274 - INFO - Backed up: C:/Users/sumer/OneDrive/Pictures/Screenshots\Screenshot 2025-11-15 004118.png
2026-05-13 16:52:57,290 - INFO - Backed up: C:/Users/sumer/OneDrive/Pictures/Screenshots\Screenshot 2025-10-12 170100.png
2026-05-13 16:52:57,305 - INFO - Backed up: C:/Users/sumer/OneDrive/Pictures/Screenshots\Screenshot 2025-10-12 164649.png
2026-05-13 16:52:57,329 - INFO - Backed up: C:/Users/sumer/OneDrive/Pictures/Screenshots\Screenshot 2025-10-01 124818.png
2026-05-13 16:52:57,342 - INFO - Backed up: C:/Users/sumer/OneDrive/Pictures/Screenshots\Screenshot 2025-08-13 122017.png
2026-05-13 16:52:57,353 - INFO - Backed up: C:/Users/sumer/OneDrive/Pictures/Screenshots\Screenshot 2025-08-04 162810.png
2026-05-13 16:52:57,369 - INFO - Backed up: C:/Users/sumer/OneDrive/Pictures/Screenshots\Screenshot 2025-08-04 162728.png
2026-05-13 16:52:57,385 - INFO - Backed up: C:/Users/sumer/OneDrive/Pictures/Screenshots\Screenshot 2025-07-30 211001.png
2026-05-13 16:52:57,410 - INFO - Backed up: C:/Users/sumer/OneDrive/Pictures/Screenshots\Screenshot 2025-07-30 002425.png
2026-05-13 16:52:57,432 - INFO - Backed up: C:/Users/sumer/OneDrive/Pictures/Screenshots\Screenshot 2025-07-30 000504.png
2026-05-13 16:52:57,452 - INFO - Backed up: C:/Users/sumer/OneDrive/Pictures/Screenshots\Screenshot 2025-07-29 155733.png
2026-05-13 16:52:57,480 - INFO - Backed up: C:/Users/sumer/OneDrive/Pictures/Screenshots\Screenshot 2025-07-29 223714.png
2026-05-13 16:52:57,512 - INFO - Backed up: C:/Users/sumer/OneDrive/Pictures/Screenshots\Screenshot 2025-07-29 231233.png
2026-05-13 16:52:57,527 - INFO - Backed up: C:/Users/sumer/OneDrive/Pictures/Screenshots\Screenshot 2026-04-27 220028.png
2026-05-13 16:53:13,355 - INFO - Backed up: C:/Users/sumer/OneDrive/Desktop/source\Screenshot 2026-04-27 220028.png
2026-05-13 17:00:05,366 - INFO - Backed up: C:/Users/sumer/OneDrive/Desktop/source\Unconfirmed 804167.crdownload
2026-05-13 17:00:05,366 - INFO - Backed up: C:/Users/sumer/OneDrive/Desktop/source\Unconfirmed 804167.crdownload
2026-05-13 17:00:05,366 - INFO - Backed up: C:/Users/sumer/OneDrive/Desktop/source\Unconfirmed 804167.crdownload
2026-05-13 17:00:05,367 - INFO - Backed up: C:/Users/sumer/OneDrive/Desktop/source\Unconfirmed 804167.crdownload
2026-05-13 17:00:05,441 - INFO - Backed up: C:/Users/sumer/OneDrive/Desktop/source\images.jpeg
2026-05-13 17:00:05,441 - INFO - Backed up: C:/Users/sumer/OneDrive/Desktop/source\images.jpeg
2026-05-13 17:00:05,441 - INFO - Backed up: C:/Users/sumer/OneDrive/Desktop/source\images.jpeg
2026-05-13 17:00:05,441 - INFO - Backed up: C:/Users/sumer/OneDrive/Desktop/source\images.jpeg
2026-05-13 17:02:08,182 - ERROR - Permission denied: C:/Users/sumer/OneDrive/Desktop/source\my.docx
2026-05-13 17:02:08,182 - ERROR - Permission denied: C:/Users/sumer/OneDrive/Desktop/source\my.docx
2026-05-13 17:02:08,182 - ERROR - Permission denied: C:/Users/sumer/OneDrive/Desktop/source\my.docx
2026-05-13 17:02:08,182 - ERROR - Permission denied: C:/Users/sumer/OneDrive/Desktop/source\my.docx
2026-05-13 17:02:08,182 - ERROR - Permission denied: C:/Users/sumer/OneDrive/Desktop/source\my.docx
2026-05-13 17:02:08,182 - ERROR - Permission denied: C:/Users/sumer/OneDrive/Desktop/source\my.docx
2026-05-13 17:02:08,182 - ERROR - Permission denied: C:/Users/sumer/OneDrive/Desktop/source\my.docx
2026-05-13 17:02:08,182 - ERROR - Permission denied: C:/Users/sumer/OneDrive/Desktop/source\my.docx
2026-05-13 17:02:11,788 - ERROR - [Errno 2] No such file or directory: 'C:/Users/sumer/OneDrive/Desktop/source\\~$my.tmp'
2026-05-13 17:02:11,788 - ERROR - [Errno 2] No such file or directory: 'C:/Users/sumer/OneDrive/Desktop/source\\~$my.tmp'
2026-05-13 17:02:11,788 - ERROR - [Errno 2] No such file or directory: 'C:/Users/sumer/OneDrive/Desktop/source\\~$my.tmp'
2026-05-13 17:02:11,788 - ERROR - [Errno 2] No such file or directory: 'C:/Users/sumer/OneDrive/Desktop/source\\~$my.tmp'
2026-05-13 17:02:11,807 - ERROR - Permission denied: C:/Users/sumer/OneDrive/Desktop/source\my.docx
2026-05-13 17:02:11,807 - ERROR - Permission denied: C:/Users/sumer/OneDrive/Desktop/source\my.docx
2026-05-13 17:02:11,807 - ERROR - Permission denied: C:/Users/sumer/OneDrive/Desktop/source\my.docx
2026-05-13 17:02:11,807 - ERROR - Permission denied: C:/Users/sumer/OneDrive/Desktop/source\my.docx
2026-05-13 17:02:11,807 - ERROR - Permission denied: C:/Users/sumer/OneDrive/Desktop/source\my.docx
2026-05-13 17:02:11,807 - ERROR - Permission denied: C:/Users/sumer/OneDrive/Desktop/source\my.docx
2026-05-13 17:02:11,807 - ERROR - Permission denied: C:/Users/sumer/OneDrive/Desktop/source\my.docx
2026-05-13 17:02:11,807 - ERROR - Permission denied: C:/Users/sumer/OneDrive/Desktop/source\my.docx
2026-05-13 17:02:11,807 - ERROR - Permission denied: C:/Users/sumer/OneDrive/Desktop/source\my.docx
2026-05-13 17:02:11,807 - ERROR - Permission denied: C:/Users/sumer/OneDrive/Desktop/source\my.docx
2026-05-13 17:02:11,807 - ERROR - Permission denied: C:/Users/sumer/OneDrive/Desktop/source\my.docx
2026-05-13 17:02:11,807 - ERROR - Permission denied: C:/Users/sumer/OneDrive/Desktop/source\my.docx
2026-05-13 17:02:11,807 - ERROR - Permission denied: C:/Users/sumer/OneDrive/Desktop/source\my.docx
2026-05-13 17:02:11,807 - ERROR - Permission denied: C:/Users/sumer/OneDrive/Desktop/source\my.docx
2026-05-13 17:02:11,807 - ERROR - Permission denied: C:/Users/sumer/OneDrive/Desktop/source\my.docx
2026-05-13 17:02:11,807 - ERROR - Permission denied: C:/Users/sumer/OneDrive/Desktop/source\my.docx
2026-05-13 17:06:11,328 - ERROR - Permission denied: C:/Users/sumer/OneDrive/Desktop/source\my - Copy.docx
2026-05-13 17:06:11,328 - INFO - Backed up: C:/Users/sumer/OneDrive/Desktop/source\my - Copy.docx
2026-05-13 17:06:51,227 - ERROR - Permission denied: C:/Users/sumer/OneDrive/Desktop/source\images - Copy.jpeg
2026-05-13 17:06:51,227 - ERROR - Permission denied: C:/Users/sumer/OneDrive/Desktop/source\images - Copy.jpeg
2026-05-13 17:06:51,232 - INFO - Backed up: C:/Users/sumer/OneDrive/Desktop/source\images - Copy.jpeg
2026-05-13 17:16:50,996 - INFO - Backed up: C:/Users/sumer/OneDrive/Desktop/source\Unconfirmed 614398.crdownload
2026-05-13 17:16:51,107 - INFO - Backed up: C:/Users/sumer/OneDrive/Desktop/source\lightning-bolts.jpg
2026-05-13 17:18:27,533 - ERROR - Permission denied: C:/Users/sumer/OneDrive/Desktop/source\lightning-bolts - Copy.jpg
2026-05-13 17:24:27,842 - INFO - Backed up: C:/Users/sumer/OneDrive/Desktop/source\lightning-bolts.jpg
2026-05-13 17:24:47,846 - ERROR - Permission denied: C:/Users/sumer/OneDrive/Desktop/source\lightning-bolts - Copy.jpg
2026-05-13 17:26:44,700 - INFO - Backed up: C:/Users/sumer/OneDrive/Desktop/source\pdf-sample_0.pdf
2026-05-13 17:36:31,579 - INFO - Backed up: C:/Users/sumer/OneDrive/Desktop/source\images.jpeg
2026-05-13 17:36:31,679 - ERROR - cannot access local variable 'filename' where it is not associated with a value
2026-05-13 17:38:50,430 - INFO - Backed up: C:/Users/sumer/OneDrive/Desktop/source\file-sample_150kB.pdf
2026-05-13 17:38:50,522 - ERROR - cannot access local variable 'filename' where it is not associated with a value
